Determining if the pthread_create exist failed with the following output:
Change Dir: /home/brawner/workspace/src/baxter_hackathon/baxter_kinect_calibration/build/CMakeFiles/CMakeTmp

Run Build Command:/usr/bin/make "cmTryCompileExec1814022178/fast"
make[1]: Entering directory `/home/brawner/workspace/src/baxter_hackathon/baxter_kinect_calibration/build/CMakeFiles/CMakeTmp'
/usr/bin/make -f CMakeFiles/cmTryCompileExec1814022178.dir/build.make CMakeFiles/cmTryCompileExec1814022178.dir/build
make[2]: Entering directory `/home/brawner/workspace/src/baxter_hackathon/baxter_kinect_calibration/build/CMakeFiles/CMakeTmp'
/usr/bin/cmake -E cmake_progress_report /home/brawner/workspace/src/baxter_hackathon/baxter_kinect_calibration/build/CMakeFiles/CMakeTmp/CMakeFiles 1
Building C object CMakeFiles/cmTryCompileExec1814022178.dir/CheckSymbolExists.c.o
/usr/bin/cc    -o CMakeFiles/cmTryCompileExec1814022178.dir/CheckSymbolExists.c.o   -c /home/brawner/workspace/src/baxter_hackathon/baxter_kinect_calibration/build/CMakeFiles/CMakeTmp/CheckSymbolExists.c
Linking C executable cmTryCompileExec1814022178
/usr/bin/cmake -E cmake_link_script CMakeFiles/cmTryCompileExec1814022178.dir/link.txt --verbose=1
/usr/bin/cc         CMakeFiles/cmTryCompileExec1814022178.dir/CheckSymbolExists.c.o  -o cmTryCompileExec1814022178 -rdynamic 
CMakeFiles/cmTryCompileExec1814022178.dir/CheckSymbolExists.c.o: In function `main':
CheckSymbolExists.c:(.text+0x16): undefined reference to `pthread_create'
collect2: error: ld returned 1 exit status
make[2]: *** [cmTryCompileExec1814022178] Error 1
make[2]: Leaving directory `/home/brawner/workspace/src/baxter_hackathon/baxter_kinect_calibration/build/CMakeFiles/CMakeTmp'
make[1]: *** [cmTryCompileExec1814022178/fast] Error 2
make[1]: Leaving directory `/home/brawner/workspace/src/baxter_hackathon/baxter_kinect_calibration/build/CMakeFiles/CMakeTmp'

File /home/brawner/workspace/src/baxter_hackathon/baxter_kinect_calibration/build/CMakeFiles/CMakeTmp/CheckSymbolExists.c:
/* */
#include <pthread.h>

int main(int argc, char** argv)
{
  (void)argv;
#ifndef pthread_create
  return ((int*)(&pthread_create))[argc];
#else
  (void)argc;
  return 0;
#endif
}

Determining if the function pthread_create exists in the pthreads failed with the following output:
Change Dir: /home/brawner/workspace/src/baxter_hackathon/baxter_kinect_calibration/build/CMakeFiles/CMakeTmp

Run Build Command:/usr/bin/make "cmTryCompileExec3542866009/fast"
make[1]: Entering directory `/home/brawner/workspace/src/baxter_hackathon/baxter_kinect_calibration/build/CMakeFiles/CMakeTmp'
/usr/bin/make -f CMakeFiles/cmTryCompileExec3542866009.dir/build.make CMakeFiles/cmTryCompileExec3542866009.dir/build
make[2]: Entering directory `/home/brawner/workspace/src/baxter_hackathon/baxter_kinect_calibration/build/CMakeFiles/CMakeTmp'
/usr/bin/cmake -E cmake_progress_report /home/brawner/workspace/src/baxter_hackathon/baxter_kinect_calibration/build/CMakeFiles/CMakeTmp/CMakeFiles 1
Building C object CMakeFiles/cmTryCompileExec3542866009.dir/CheckFunctionExists.c.o
/usr/bin/cc   -DCHECK_FUNCTION_EXISTS=pthread_create   -o CMakeFiles/cmTryCompileExec3542866009.dir/CheckFunctionExists.c.o   -c /usr/share/cmake-2.8/Modules/CheckFunctionExists.c
Linking C executable cmTryCompileExec3542866009
/usr/bin/cmake -E cmake_link_script CMakeFiles/cmTryCompileExec3542866009.dir/link.txt --verbose=1
/usr/bin/cc     -DCHECK_FUNCTION_EXISTS=pthread_create    CMakeFiles/cmTryCompileExec3542866009.dir/CheckFunctionExists.c.o  -o cmTryCompileExec3542866009 -rdynamic -lpthreads 
/usr/bin/ld: cannot find -lpthreads
collect2: error: ld returned 1 exit status
make[2]: *** [cmTryCompileExec3542866009] Error 1
make[2]: Leaving directory `/home/brawner/workspace/src/baxter_hackathon/baxter_kinect_calibration/build/CMakeFiles/CMakeTmp'
make[1]: *** [cmTryCompileExec3542866009/fast] Error 2
make[1]: Leaving directory `/home/brawner/workspace/src/baxter_hackathon/baxter_kinect_calibration/build/CMakeFiles/CMakeTmp'


